{"method":"GET","message":"    {\"originalUrl\":\"/users\",\"body\":{},\"query\":{}}","level":"\u001b[32m\u001b[32m\u001b[32minfo\u001b[32m\u001b[32m\u001b[39m"}
{"method":"POST","message":"    {\"originalUrl\":\"/users\",\"body\":{\"name\":\"TEST_USER\",\"login\":\"test_user\",\"password\":\"T35t_P@55w0rd\"},\"query\":{}}","level":"\u001b[32m\u001b[32m\u001b[32minfo\u001b[32m\u001b[32m\u001b[39m"}
{"method":"GET","message":"    {\"originalUrl\":\"/users/8e48ff96-e290-4afb-908e-be54070704b1\",\"body\":{},\"query\":{}}","level":"\u001b[32m\u001b[32m\u001b[32minfo\u001b[32m\u001b[32m\u001b[39m"}
{"method":"DELETE","message":"    {\"originalUrl\":\"/users/8e48ff96-e290-4afb-908e-be54070704b1\",\"body\":{},\"query\":{}}","level":"\u001b[32m\u001b[32m\u001b[32minfo\u001b[32m\u001b[32m\u001b[39m"}
{"method":"POST","message":"    {\"originalUrl\":\"/users\",\"body\":{\"name\":\"TEST_USER\",\"login\":\"test_user\",\"password\":\"T35t_P@55w0rd\"},\"query\":{}}","level":"\u001b[32m\u001b[32m\u001b[32minfo\u001b[32m\u001b[32m\u001b[39m"}
{"method":"DELETE","message":"    {\"originalUrl\":\"/users/b29cfa68-01ef-40b0-8c4c-17f64aef5aa1\",\"body\":{},\"query\":{}}","level":"\u001b[32m\u001b[32m\u001b[32minfo\u001b[32m\u001b[32m\u001b[39m"}
{"method":"POST","message":"    {\"originalUrl\":\"/users\",\"body\":{\"name\":\"TEST_USER\",\"login\":\"test_user\",\"password\":\"T35t_P@55w0rd\"},\"query\":{}}","level":"\u001b[32m\u001b[32m\u001b[32minfo\u001b[32m\u001b[32m\u001b[39m"}
{"method":"PUT","message":"    {\"originalUrl\":\"/users/72256018-170f-494b-8299-a9e33149ac80\",\"body\":{\"name\":\"Autotest updated TEST_USER\",\"login\":\"test_user\",\"password\":\"T35t_P@55w0rd\",\"id\":\"72256018-170f-494b-8299-a9e33149ac80\"},\"query\":{}}","level":"\u001b[32m\u001b[32m\u001b[32minfo\u001b[32m\u001b[32m\u001b[39m"}
{"method":"GET","message":"    {\"originalUrl\":\"/users/72256018-170f-494b-8299-a9e33149ac80\",\"body\":{},\"query\":{}}","level":"\u001b[32m\u001b[32m\u001b[32minfo\u001b[32m\u001b[32m\u001b[39m"}
{"method":"DELETE","message":"    {\"originalUrl\":\"/users/72256018-170f-494b-8299-a9e33149ac80\",\"body\":{},\"query\":{}}","level":"\u001b[32m\u001b[32m\u001b[32minfo\u001b[32m\u001b[32m\u001b[39m"}
{"method":"POST","message":"    {\"originalUrl\":\"/users\",\"body\":{\"name\":\"TEST_USER\",\"login\":\"test_user\",\"password\":\"T35t_P@55w0rd\"},\"query\":{}}","level":"\u001b[32m\u001b[32m\u001b[32minfo\u001b[32m\u001b[32m\u001b[39m"}
{"method":"DELETE","message":"    {\"originalUrl\":\"/users/e10a9fb1-856a-44d6-8256-57c74f877513\",\"body\":{},\"query\":{}}","level":"\u001b[32m\u001b[32m\u001b[32minfo\u001b[32m\u001b[32m\u001b[39m"}
{"method":"POST","message":"    {\"originalUrl\":\"/users\",\"body\":{\"name\":\"TEST_USER\",\"login\":\"test_user\",\"password\":\"T35t_P@55w0rd\"},\"query\":{}}","level":"\u001b[32m\u001b[32m\u001b[32minfo\u001b[32m\u001b[32m\u001b[39m"}
{"method":"POST","message":"    {\"originalUrl\":\"/boards\",\"body\":{\"title\":\"Autotest board\",\"columns\":[{\"title\":\"Backlog\",\"order\":1},{\"title\":\"Sprint\",\"order\":2}]},\"query\":{}}","level":"\u001b[32m\u001b[32m\u001b[32minfo\u001b[32m\u001b[32m\u001b[39m"}
{"method":"POST","message":"    {\"originalUrl\":\"/boards/undefined/tasks\",\"body\":{\"title\":\"Task #1\",\"order\":1,\"description\":\"Lorem ipsum\",\"userId\":\"6c164196-c94f-4fec-8360-eb47138ff9a2\"},\"query\":{}}","level":"\u001b[32m\u001b[32m\u001b[32minfo\u001b[32m\u001b[32m\u001b[39m"}
{"method":"POST","message":"    {\"originalUrl\":\"/boards/undefined/tasks\",\"body\":{\"title\":\"Task #2\",\"order\":2,\"description\":\"Lorem ipsum\",\"userId\":\"6c164196-c94f-4fec-8360-eb47138ff9a2\"},\"query\":{}}","level":"\u001b[32m\u001b[32m\u001b[32minfo\u001b[32m\u001b[32m\u001b[39m"}
{"method":"DELETE","message":"    {\"originalUrl\":\"/users/6c164196-c94f-4fec-8360-eb47138ff9a2\",\"body\":{},\"query\":{}}","level":"\u001b[32m\u001b[32m\u001b[32minfo\u001b[32m\u001b[32m\u001b[39m"}
{"method":"GET","message":"    {\"originalUrl\":\"/boards/undefined/tasks/undefined\",\"body\":{},\"query\":{}}","level":"\u001b[32m\u001b[32m\u001b[32minfo\u001b[32m\u001b[32m\u001b[39m"}
{"status":"404","statusText":"Not Found","method":"GET","message":"   {\"originalUrl\":\"/boards/undefined/tasks/undefined\",\"body\":{},\"query\":{}}","level":"\u001b[31m\u001b[31m\u001b[31merror\u001b[31m\u001b[31m\u001b[39m"}
{"method":"POST","message":"    {\"originalUrl\":\"/boards\",\"body\":{\"title\":\"Autotest board\",\"columns\":[{\"title\":\"Backlog\",\"order\":1},{\"title\":\"Sprint\",\"order\":2}]},\"query\":{}}","level":"\u001b[32m\u001b[32m\u001b[32minfo\u001b[32m\u001b[32m\u001b[39m"}
{"method":"GET","message":"    {\"originalUrl\":\"/boards\",\"body\":{},\"query\":{}}","level":"\u001b[32m\u001b[32m\u001b[32minfo\u001b[32m\u001b[32m\u001b[39m"}
{"method":"GET","message":"    {\"originalUrl\":\"/boards\",\"body\":{},\"query\":{}}","level":"\u001b[32m\u001b[32m\u001b[32minfo\u001b[32m\u001b[32m\u001b[39m"}
{"method":"GET","message":"    {\"originalUrl\":\"/boards/78971396-4008-4838-9c05-d8a7cc90a9f7\",\"body\":{},\"query\":{}}","level":"\u001b[32m\u001b[32m\u001b[32minfo\u001b[32m\u001b[32m\u001b[39m"}
{"method":"POST","message":"    {\"originalUrl\":\"/boards\",\"body\":{\"title\":\"Autotest board\",\"columns\":[{\"title\":\"Backlog\",\"order\":1},{\"title\":\"Sprint\",\"order\":2}]},\"query\":{}}","level":"\u001b[32m\u001b[32m\u001b[32minfo\u001b[32m\u001b[32m\u001b[39m"}
{"method":"POST","message":"    {\"originalUrl\":\"/boards\",\"body\":{\"title\":\"Autotest board\",\"columns\":[{\"title\":\"Backlog\",\"order\":1},{\"title\":\"Sprint\",\"order\":2}]},\"query\":{}}","level":"\u001b[32m\u001b[32m\u001b[32minfo\u001b[32m\u001b[32m\u001b[39m"}
{"method":"PUT","message":"    {\"originalUrl\":\"/boards/undefined\",\"body\":{\"title\":\"Autotest updated board\",\"columns\":[{\"title\":\"Backlog\",\"order\":1,\"_id\":\"bc663947-396d-4638-9469-bc5a64d42c78\"},{\"title\":\"Sprint\",\"order\":2,\"_id\":\"4cb14ec8-9012-4dae-9a5e-0e2372bcc741\"}],\"_id\":\"649cbe3e-8ade-4e87-a2d3-66e31b989baf\"},\"query\":{}}","level":"\u001b[32m\u001b[32m\u001b[32minfo\u001b[32m\u001b[32m\u001b[39m"}
{"method":"GET","message":"    {\"originalUrl\":\"/boards/undefined\",\"body\":{},\"query\":{}}","level":"\u001b[32m\u001b[32m\u001b[32minfo\u001b[32m\u001b[32m\u001b[39m"}
{"method":"POST","message":"    {\"originalUrl\":\"/boards\",\"body\":{\"title\":\"Autotest board\",\"columns\":[{\"title\":\"Backlog\",\"order\":1},{\"title\":\"Sprint\",\"order\":2}]},\"query\":{}}","level":"\u001b[32m\u001b[32m\u001b[32minfo\u001b[32m\u001b[32m\u001b[39m"}
{"method":"DELETE","message":"    {\"originalUrl\":\"/boards/undefined\",\"body\":{},\"query\":{}}","level":"\u001b[32m\u001b[32m\u001b[32minfo\u001b[32m\u001b[32m\u001b[39m"}
{"method":"POST","message":"    {\"originalUrl\":\"/boards\",\"body\":{\"title\":\"Autotest board\",\"columns\":[{\"title\":\"Backlog\",\"order\":1},{\"title\":\"Sprint\",\"order\":2}]},\"query\":{}}","level":"\u001b[32m\u001b[32m\u001b[32minfo\u001b[32m\u001b[32m\u001b[39m"}
{"method":"POST","message":"    {\"originalUrl\":\"/boards/undefined/tasks\",\"body\":{\"title\":\"Task #1\",\"order\":1,\"description\":\"Lorem ipsum\",\"userId\":null,\"columnId\":null},\"query\":{}}","level":"\u001b[32m\u001b[32m\u001b[32minfo\u001b[32m\u001b[32m\u001b[39m"}
{"method":"POST","message":"    {\"originalUrl\":\"/boards/undefined/tasks\",\"body\":{\"title\":\"Task #5\",\"order\":5,\"description\":\"Lorem ipsum\",\"userId\":null,\"columnId\":null},\"query\":{}}","level":"\u001b[32m\u001b[32m\u001b[32minfo\u001b[32m\u001b[32m\u001b[39m"}
{"method":"POST","message":"    {\"originalUrl\":\"/boards/undefined/tasks\",\"body\":{\"title\":\"Task #2\",\"order\":2,\"description\":\"Lorem ipsum\",\"userId\":null,\"columnId\":null},\"query\":{}}","level":"\u001b[32m\u001b[32m\u001b[32minfo\u001b[32m\u001b[32m\u001b[39m"}
{"method":"POST","message":"    {\"originalUrl\":\"/boards/undefined/tasks\",\"body\":{\"title\":\"Task #3\",\"order\":3,\"description\":\"Lorem ipsum\",\"userId\":null,\"columnId\":null},\"query\":{}}","level":"\u001b[32m\u001b[32m\u001b[32minfo\u001b[32m\u001b[32m\u001b[39m"}
{"method":"POST","message":"    {\"originalUrl\":\"/boards/undefined/tasks\",\"body\":{\"title\":\"Task #4\",\"order\":4,\"description\":\"Lorem ipsum\",\"userId\":null,\"columnId\":null},\"query\":{}}","level":"\u001b[32m\u001b[32m\u001b[32minfo\u001b[32m\u001b[32m\u001b[39m"}
{"method":"GET","message":"    {\"originalUrl\":\"/boards/undefined/tasks/undefined\",\"body\":{},\"query\":{}}","level":"\u001b[32m\u001b[32m\u001b[32minfo\u001b[32m\u001b[32m\u001b[39m"}
{"method":"GET","message":"    {\"originalUrl\":\"/boards/undefined/tasks/undefined\",\"body\":{},\"query\":{}}","level":"\u001b[32m\u001b[32m\u001b[32minfo\u001b[32m\u001b[32m\u001b[39m"}
{"method":"GET","message":"    {\"originalUrl\":\"/boards/undefined/tasks/undefined\",\"body\":{},\"query\":{}}","level":"\u001b[32m\u001b[32m\u001b[32minfo\u001b[32m\u001b[32m\u001b[39m"}
{"method":"GET","message":"    {\"originalUrl\":\"/boards/undefined/tasks/undefined\",\"body\":{},\"query\":{}}","level":"\u001b[32m\u001b[32m\u001b[32minfo\u001b[32m\u001b[32m\u001b[39m"}
{"method":"GET","message":"    {\"originalUrl\":\"/boards/undefined/tasks/undefined\",\"body\":{},\"query\":{}}","level":"\u001b[32m\u001b[32m\u001b[32minfo\u001b[32m\u001b[32m\u001b[39m"}
{"status":"404","statusText":"Not Found","method":"GET","message":"   {\"originalUrl\":\"/boards/undefined/tasks/undefined\",\"body\":{},\"query\":{}}","level":"\u001b[31m\u001b[31m\u001b[31merror\u001b[31m\u001b[31m\u001b[39m"}
{"method":"DELETE","message":"    {\"originalUrl\":\"/boards/undefined\",\"body\":{},\"query\":{}}","level":"\u001b[32m\u001b[32m\u001b[32minfo\u001b[32m\u001b[32m\u001b[39m"}
{"status":"404","statusText":"Not Found","method":"GET","message":"   {\"originalUrl\":\"/boards/undefined/tasks/undefined\",\"body\":{},\"query\":{}}","level":"\u001b[31m\u001b[31m\u001b[31merror\u001b[31m\u001b[31m\u001b[39m"}
{"status":"404","statusText":"Not Found","method":"GET","message":"   {\"originalUrl\":\"/boards/undefined/tasks/undefined\",\"body\":{},\"query\":{}}","level":"\u001b[31m\u001b[31m\u001b[31merror\u001b[31m\u001b[31m\u001b[39m"}
{"status":"404","statusText":"Not Found","method":"GET","message":"   {\"originalUrl\":\"/boards/undefined/tasks/undefined\",\"body\":{},\"query\":{}}","level":"\u001b[31m\u001b[31m\u001b[31merror\u001b[31m\u001b[31m\u001b[39m"}
{"status":"404","statusText":"Not Found","method":"GET","message":"   {\"originalUrl\":\"/boards/undefined/tasks/undefined\",\"body\":{},\"query\":{}}","level":"\u001b[31m\u001b[31m\u001b[31merror\u001b[31m\u001b[31m\u001b[39m"}
{"method":"POST","message":"    {\"originalUrl\":\"/boards\",\"body\":{\"title\":\"Autotest board\",\"columns\":[{\"title\":\"Backlog\",\"order\":1},{\"title\":\"Sprint\",\"order\":2}]},\"query\":{}}","level":"\u001b[32m\u001b[32m\u001b[32minfo\u001b[32m\u001b[32m\u001b[39m"}
{"method":"POST","message":"    {\"originalUrl\":\"/boards/undefined/tasks\",\"body\":{\"title\":\"Autotest task\",\"order\":0,\"description\":\"Lorem ipsum\",\"userId\":null,\"boardId\":null,\"columnId\":null},\"query\":{}}","level":"\u001b[32m\u001b[32m\u001b[32minfo\u001b[32m\u001b[32m\u001b[39m"}
{"method":"GET","message":"    {\"originalUrl\":\"/boards/undefined/tasks\",\"body\":{},\"query\":{}}","level":"\u001b[32m\u001b[32m\u001b[32minfo\u001b[32m\u001b[32m\u001b[39m"}
{"method":"GET","message":"    {\"originalUrl\":\"/boards/undefined/tasks\",\"body\":{},\"query\":{}}","level":"\u001b[32m\u001b[32m\u001b[32minfo\u001b[32m\u001b[32m\u001b[39m"}
{"method":"GET","message":"    {\"originalUrl\":\"/boards/undefined/tasks/undefined\",\"body\":{},\"query\":{}}","level":"\u001b[32m\u001b[32m\u001b[32minfo\u001b[32m\u001b[32m\u001b[39m"}
{"status":"404","statusText":"Not Found","method":"GET","message":"   {\"originalUrl\":\"/boards/undefined/tasks/undefined\",\"body\":{},\"query\":{}}","level":"\u001b[31m\u001b[31m\u001b[31merror\u001b[31m\u001b[31m\u001b[39m"}
{"method":"POST","message":"    {\"originalUrl\":\"/boards/undefined/tasks\",\"body\":{\"title\":\"Autotest task\",\"order\":0,\"description\":\"Lorem ipsum\",\"userId\":null,\"boardId\":null,\"columnId\":null},\"query\":{}}","level":"\u001b[32m\u001b[32m\u001b[32minfo\u001b[32m\u001b[32m\u001b[39m"}
{"method":"POST","message":"    {\"originalUrl\":\"/boards/undefined/tasks\",\"body\":{\"title\":\"Autotest task\",\"order\":0,\"description\":\"Lorem ipsum\",\"userId\":null,\"boardId\":null,\"columnId\":null},\"query\":{}}","level":"\u001b[32m\u001b[32m\u001b[32minfo\u001b[32m\u001b[32m\u001b[39m"}
{"method":"PUT","message":"    {\"originalUrl\":\"/boards/undefined/tasks/undefined\",\"body\":{\"title\":\"Autotest updated task\",\"order\":0,\"description\":\"Lorem ipsum\",\"userId\":null,\"boardId\":\"undefined\",\"columnId\":null,\"_id\":\"663a6b02-1de6-4697-9acd-734ff5451f85\"},\"query\":{}}","level":"\u001b[32m\u001b[32m\u001b[32minfo\u001b[32m\u001b[32m\u001b[39m"}
{"method":"GET","message":"    {\"originalUrl\":\"/boards/undefined/tasks/undefined\",\"body\":{},\"query\":{}}","level":"\u001b[32m\u001b[32m\u001b[32minfo\u001b[32m\u001b[32m\u001b[39m"}
{"status":"404","statusText":"Not Found","method":"GET","message":"   {\"originalUrl\":\"/boards/undefined/tasks/undefined\",\"body\":{},\"query\":{}}","level":"\u001b[31m\u001b[31m\u001b[31merror\u001b[31m\u001b[31m\u001b[39m"}
{"method":"GET","message":"    {\"originalUrl\":\"/boards/undefined/tasks/undefined\",\"body\":{},\"query\":{}}","level":"\u001b[32m\u001b[32m\u001b[32minfo\u001b[32m\u001b[32m\u001b[39m"}
{"status":"404","statusText":"Not Found","method":"GET","message":"   {\"originalUrl\":\"/boards/undefined/tasks/undefined\",\"body\":{},\"query\":{}}","level":"\u001b[31m\u001b[31m\u001b[31merror\u001b[31m\u001b[31m\u001b[39m"}
{"method":"DELETE","message":"    {\"originalUrl\":\"/boards/undefined\",\"body\":{},\"query\":{}}","level":"\u001b[32m\u001b[32m\u001b[32minfo\u001b[32m\u001b[32m\u001b[39m"}
{"method":"GET","message":"    {\"originalUrl\":\"/users\",\"body\":{},\"query\":{}}","level":"\u001b[32m\u001b[32m\u001b[32minfo\u001b[32m\u001b[32m\u001b[39m"}
{"method":"POST","message":"    {\"originalUrl\":\"/users\",\"body\":{\"name\":\"TEST_USER\",\"login\":\"test_user\",\"password\":\"T35t_P@55w0rd\"},\"query\":{}}","level":"\u001b[32m\u001b[32m\u001b[32minfo\u001b[32m\u001b[32m\u001b[39m"}
{"method":"GET","message":"    {\"originalUrl\":\"/users/a83dd9dc-94de-4580-b301-7a2a303e0045\",\"body\":{},\"query\":{}}","level":"\u001b[32m\u001b[32m\u001b[32minfo\u001b[32m\u001b[32m\u001b[39m"}
{"method":"DELETE","message":"    {\"originalUrl\":\"/users/a83dd9dc-94de-4580-b301-7a2a303e0045\",\"body\":{},\"query\":{}}","level":"\u001b[32m\u001b[32m\u001b[32minfo\u001b[32m\u001b[32m\u001b[39m"}
{"method":"POST","message":"    {\"originalUrl\":\"/users\",\"body\":{\"name\":\"TEST_USER\",\"login\":\"test_user\",\"password\":\"T35t_P@55w0rd\"},\"query\":{}}","level":"\u001b[32m\u001b[32m\u001b[32minfo\u001b[32m\u001b[32m\u001b[39m"}
{"method":"DELETE","message":"    {\"originalUrl\":\"/users/c56161cf-138e-455b-bd47-cc07f1872bf2\",\"body\":{},\"query\":{}}","level":"\u001b[32m\u001b[32m\u001b[32minfo\u001b[32m\u001b[32m\u001b[39m"}
{"method":"POST","message":"    {\"originalUrl\":\"/users\",\"body\":{\"name\":\"TEST_USER\",\"login\":\"test_user\",\"password\":\"T35t_P@55w0rd\"},\"query\":{}}","level":"\u001b[32m\u001b[32m\u001b[32minfo\u001b[32m\u001b[32m\u001b[39m"}
{"method":"PUT","message":"    {\"originalUrl\":\"/users/5a03bb6b-c731-447c-ac03-5e96a0937cc2\",\"body\":{\"name\":\"Autotest updated TEST_USER\",\"login\":\"test_user\",\"password\":\"T35t_P@55w0rd\",\"id\":\"5a03bb6b-c731-447c-ac03-5e96a0937cc2\"},\"query\":{}}","level":"\u001b[32m\u001b[32m\u001b[32minfo\u001b[32m\u001b[32m\u001b[39m"}
{"method":"GET","message":"    {\"originalUrl\":\"/users/5a03bb6b-c731-447c-ac03-5e96a0937cc2\",\"body\":{},\"query\":{}}","level":"\u001b[32m\u001b[32m\u001b[32minfo\u001b[32m\u001b[32m\u001b[39m"}
{"method":"DELETE","message":"    {\"originalUrl\":\"/users/5a03bb6b-c731-447c-ac03-5e96a0937cc2\",\"body\":{},\"query\":{}}","level":"\u001b[32m\u001b[32m\u001b[32minfo\u001b[32m\u001b[32m\u001b[39m"}
{"method":"POST","message":"    {\"originalUrl\":\"/users\",\"body\":{\"name\":\"TEST_USER\",\"login\":\"test_user\",\"password\":\"T35t_P@55w0rd\"},\"query\":{}}","level":"\u001b[32m\u001b[32m\u001b[32minfo\u001b[32m\u001b[32m\u001b[39m"}
{"method":"DELETE","message":"    {\"originalUrl\":\"/users/32640a16-915e-4103-a8aa-720ea91ea5ea\",\"body\":{},\"query\":{}}","level":"\u001b[32m\u001b[32m\u001b[32minfo\u001b[32m\u001b[32m\u001b[39m"}
{"method":"POST","message":"    {\"originalUrl\":\"/users\",\"body\":{\"name\":\"TEST_USER\",\"login\":\"test_user\",\"password\":\"T35t_P@55w0rd\"},\"query\":{}}","level":"\u001b[32m\u001b[32m\u001b[32minfo\u001b[32m\u001b[32m\u001b[39m"}
{"method":"POST","message":"    {\"originalUrl\":\"/boards\",\"body\":{\"title\":\"Autotest board\",\"columns\":[{\"title\":\"Backlog\",\"order\":1},{\"title\":\"Sprint\",\"order\":2}]},\"query\":{}}","level":"\u001b[32m\u001b[32m\u001b[32minfo\u001b[32m\u001b[32m\u001b[39m"}
{"method":"POST","message":"    {\"originalUrl\":\"/boards/8527c49d-f5af-4190-b501-174bae6b7946/tasks\",\"body\":{\"title\":\"Task #1\",\"order\":1,\"description\":\"Lorem ipsum\",\"userId\":\"af38689c-8cad-43ff-aeda-28e8b480305a\",\"boardId\":\"8527c49d-f5af-4190-b501-174bae6b7946\"},\"query\":{}}","level":"\u001b[32m\u001b[32m\u001b[32minfo\u001b[32m\u001b[32m\u001b[39m"}
{"method":"POST","message":"    {\"originalUrl\":\"/boards/8527c49d-f5af-4190-b501-174bae6b7946/tasks\",\"body\":{\"title\":\"Task #2\",\"order\":2,\"description\":\"Lorem ipsum\",\"userId\":\"af38689c-8cad-43ff-aeda-28e8b480305a\",\"boardId\":\"8527c49d-f5af-4190-b501-174bae6b7946\"},\"query\":{}}","level":"\u001b[32m\u001b[32m\u001b[32minfo\u001b[32m\u001b[32m\u001b[39m"}
{"method":"DELETE","message":"    {\"originalUrl\":\"/users/af38689c-8cad-43ff-aeda-28e8b480305a\",\"body\":{},\"query\":{}}","level":"\u001b[32m\u001b[32m\u001b[32minfo\u001b[32m\u001b[32m\u001b[39m"}
{"method":"GET","message":"    {\"originalUrl\":\"/boards/8527c49d-f5af-4190-b501-174bae6b7946/tasks/30cc51f1-5332-47f0-b99b-8f0485e93825\",\"body\":{},\"query\":{}}","level":"\u001b[32m\u001b[32m\u001b[32minfo\u001b[32m\u001b[32m\u001b[39m"}
{"method":"GET","message":"    {\"originalUrl\":\"/boards/8527c49d-f5af-4190-b501-174bae6b7946/tasks/cd574c5e-1ea1-4b0a-816b-807347fd210b\",\"body\":{},\"query\":{}}","level":"\u001b[32m\u001b[32m\u001b[32minfo\u001b[32m\u001b[32m\u001b[39m"}
{"method":"DELETE","message":"    {\"originalUrl\":\"/boards/8527c49d-f5af-4190-b501-174bae6b7946/tasks/cd574c5e-1ea1-4b0a-816b-807347fd210b\",\"body\":{},\"query\":{}}","level":"\u001b[32m\u001b[32m\u001b[32minfo\u001b[32m\u001b[32m\u001b[39m"}
{"method":"DELETE","message":"    {\"originalUrl\":\"/boards/8527c49d-f5af-4190-b501-174bae6b7946/tasks/30cc51f1-5332-47f0-b99b-8f0485e93825\",\"body\":{},\"query\":{}}","level":"\u001b[32m\u001b[32m\u001b[32minfo\u001b[32m\u001b[32m\u001b[39m"}
{"method":"DELETE","message":"    {\"originalUrl\":\"/boards/8527c49d-f5af-4190-b501-174bae6b7946\",\"body\":{},\"query\":{}}","level":"\u001b[32m\u001b[32m\u001b[32minfo\u001b[32m\u001b[32m\u001b[39m"}
{"method":"POST","message":"    {\"originalUrl\":\"/boards\",\"body\":{\"title\":\"Autotest board\",\"columns\":[{\"title\":\"Backlog\",\"order\":1},{\"title\":\"Sprint\",\"order\":2}]},\"query\":{}}","level":"\u001b[32m\u001b[32m\u001b[32minfo\u001b[32m\u001b[32m\u001b[39m"}
{"method":"GET","message":"    {\"originalUrl\":\"/boards\",\"body\":{},\"query\":{}}","level":"\u001b[32m\u001b[32m\u001b[32minfo\u001b[32m\u001b[32m\u001b[39m"}
{"method":"GET","message":"    {\"originalUrl\":\"/boards\",\"body\":{},\"query\":{}}","level":"\u001b[32m\u001b[32m\u001b[32minfo\u001b[32m\u001b[32m\u001b[39m"}
{"method":"GET","message":"    {\"originalUrl\":\"/boards/6a6cfcfe-19e9-4faa-be2c-aa7c0957bb09\",\"body\":{},\"query\":{}}","level":"\u001b[32m\u001b[32m\u001b[32minfo\u001b[32m\u001b[32m\u001b[39m"}
{"method":"POST","message":"    {\"originalUrl\":\"/boards\",\"body\":{\"title\":\"Autotest board\",\"columns\":[{\"title\":\"Backlog\",\"order\":1},{\"title\":\"Sprint\",\"order\":2}]},\"query\":{}}","level":"\u001b[32m\u001b[32m\u001b[32minfo\u001b[32m\u001b[32m\u001b[39m"}
{"method":"DELETE","message":"    {\"originalUrl\":\"/boards/62c347d6-a11b-443f-a22a-17fbb399e664\",\"body\":{},\"query\":{}}","level":"\u001b[32m\u001b[32m\u001b[32minfo\u001b[32m\u001b[32m\u001b[39m"}
{"method":"POST","message":"    {\"originalUrl\":\"/boards\",\"body\":{\"title\":\"Autotest board\",\"columns\":[{\"title\":\"Backlog\",\"order\":1},{\"title\":\"Sprint\",\"order\":2}]},\"query\":{}}","level":"\u001b[32m\u001b[32m\u001b[32minfo\u001b[32m\u001b[32m\u001b[39m"}
{"method":"PUT","message":"    {\"originalUrl\":\"/boards/e35a60f7-732e-4d0a-aee1-4d0797edbf65\",\"body\":{\"id\":\"e35a60f7-732e-4d0a-aee1-4d0797edbf65\",\"title\":\"Autotest updated board\",\"columns\":[{\"title\":\"Backlog\",\"order\":1,\"_id\":\"8a0910e7-4a8a-45eb-b83e-380bc7c26a6a\"},{\"title\":\"Sprint\",\"order\":2,\"_id\":\"e6bc0988-0182-4a50-9293-6fe25fd4ae83\"}]},\"query\":{}}","level":"\u001b[32m\u001b[32m\u001b[32minfo\u001b[32m\u001b[32m\u001b[39m"}
{"method":"GET","message":"    {\"originalUrl\":\"/boards/e35a60f7-732e-4d0a-aee1-4d0797edbf65\",\"body\":{},\"query\":{}}","level":"\u001b[32m\u001b[32m\u001b[32minfo\u001b[32m\u001b[32m\u001b[39m"}
{"method":"DELETE","message":"    {\"originalUrl\":\"/boards/e35a60f7-732e-4d0a-aee1-4d0797edbf65\",\"body\":{},\"query\":{}}","level":"\u001b[32m\u001b[32m\u001b[32minfo\u001b[32m\u001b[32m\u001b[39m"}
{"method":"POST","message":"    {\"originalUrl\":\"/boards\",\"body\":{\"title\":\"Autotest board\",\"columns\":[{\"title\":\"Backlog\",\"order\":1},{\"title\":\"Sprint\",\"order\":2}]},\"query\":{}}","level":"\u001b[32m\u001b[32m\u001b[32minfo\u001b[32m\u001b[32m\u001b[39m"}
{"method":"DELETE","message":"    {\"originalUrl\":\"/boards/d3d46329-20af-4059-aacf-14d8bf76621f\",\"body\":{},\"query\":{}}","level":"\u001b[32m\u001b[32m\u001b[32minfo\u001b[32m\u001b[32m\u001b[39m"}
{"method":"GET","message":"    {\"originalUrl\":\"/boards/d3d46329-20af-4059-aacf-14d8bf76621f\",\"body\":{},\"query\":{}}","level":"\u001b[32m\u001b[32m\u001b[32minfo\u001b[32m\u001b[32m\u001b[39m"}
{"status":"404","statusText":"Not Found","method":"GET","message":"   {\"originalUrl\":\"/boards/d3d46329-20af-4059-aacf-14d8bf76621f\",\"body\":{},\"query\":{}}","level":"\u001b[31m\u001b[31m\u001b[31merror\u001b[31m\u001b[31m\u001b[39m"}
{"method":"POST","message":"    {\"originalUrl\":\"/boards\",\"body\":{\"title\":\"Autotest board\",\"columns\":[{\"title\":\"Backlog\",\"order\":1},{\"title\":\"Sprint\",\"order\":2}]},\"query\":{}}","level":"\u001b[32m\u001b[32m\u001b[32minfo\u001b[32m\u001b[32m\u001b[39m"}
{"method":"POST","message":"    {\"originalUrl\":\"/boards/d8b5f46a-1a5e-415c-9c99-75647033882a/tasks\",\"body\":{\"title\":\"Task #1\",\"order\":1,\"description\":\"Lorem ipsum\",\"boardId\":\"d8b5f46a-1a5e-415c-9c99-75647033882a\",\"userId\":null,\"columnId\":null},\"query\":{}}","level":"\u001b[32m\u001b[32m\u001b[32minfo\u001b[32m\u001b[32m\u001b[39m"}
{"method":"POST","message":"    {\"originalUrl\":\"/boards/d8b5f46a-1a5e-415c-9c99-75647033882a/tasks\",\"body\":{\"title\":\"Task #2\",\"order\":2,\"description\":\"Lorem ipsum\",\"boardId\":\"d8b5f46a-1a5e-415c-9c99-75647033882a\",\"userId\":null,\"columnId\":null},\"query\":{}}","level":"\u001b[32m\u001b[32m\u001b[32minfo\u001b[32m\u001b[32m\u001b[39m"}
{"method":"POST","message":"    {\"originalUrl\":\"/boards/d8b5f46a-1a5e-415c-9c99-75647033882a/tasks\",\"body\":{\"title\":\"Task #3\",\"order\":3,\"description\":\"Lorem ipsum\",\"boardId\":\"d8b5f46a-1a5e-415c-9c99-75647033882a\",\"userId\":null,\"columnId\":null},\"query\":{}}","level":"\u001b[32m\u001b[32m\u001b[32minfo\u001b[32m\u001b[32m\u001b[39m"}
{"method":"POST","message":"    {\"originalUrl\":\"/boards/d8b5f46a-1a5e-415c-9c99-75647033882a/tasks\",\"body\":{\"title\":\"Task #4\",\"order\":4,\"description\":\"Lorem ipsum\",\"boardId\":\"d8b5f46a-1a5e-415c-9c99-75647033882a\",\"userId\":null,\"columnId\":null},\"query\":{}}","level":"\u001b[32m\u001b[32m\u001b[32minfo\u001b[32m\u001b[32m\u001b[39m"}
{"method":"POST","message":"    {\"originalUrl\":\"/boards/d8b5f46a-1a5e-415c-9c99-75647033882a/tasks\",\"body\":{\"title\":\"Task #5\",\"order\":5,\"description\":\"Lorem ipsum\",\"boardId\":\"d8b5f46a-1a5e-415c-9c99-75647033882a\",\"userId\":null,\"columnId\":null},\"query\":{}}","level":"\u001b[32m\u001b[32m\u001b[32minfo\u001b[32m\u001b[32m\u001b[39m"}
{"method":"GET","message":"    {\"originalUrl\":\"/boards/d8b5f46a-1a5e-415c-9c99-75647033882a/tasks/014f3e1c-79b1-48fd-92fc-8a2509bcf12b\",\"body\":{},\"query\":{}}","level":"\u001b[32m\u001b[32m\u001b[32minfo\u001b[32m\u001b[32m\u001b[39m"}
{"method":"GET","message":"    {\"originalUrl\":\"/boards/d8b5f46a-1a5e-415c-9c99-75647033882a/tasks/93e72fe8-8dc7-453d-8324-aa58b1c2d64c\",\"body\":{},\"query\":{}}","level":"\u001b[32m\u001b[32m\u001b[32minfo\u001b[32m\u001b[32m\u001b[39m"}
{"method":"GET","message":"    {\"originalUrl\":\"/boards/d8b5f46a-1a5e-415c-9c99-75647033882a/tasks/279228e3-3f55-45f7-a71f-03e511f30b6c\",\"body\":{},\"query\":{}}","level":"\u001b[32m\u001b[32m\u001b[32minfo\u001b[32m\u001b[32m\u001b[39m"}
{"method":"GET","message":"    {\"originalUrl\":\"/boards/d8b5f46a-1a5e-415c-9c99-75647033882a/tasks/bcd3acdd-6760-435e-9eb7-77db9f0b8f7b\",\"body\":{},\"query\":{}}","level":"\u001b[32m\u001b[32m\u001b[32minfo\u001b[32m\u001b[32m\u001b[39m"}
{"method":"GET","message":"    {\"originalUrl\":\"/boards/d8b5f46a-1a5e-415c-9c99-75647033882a/tasks/4da7bdcb-fbf3-4513-a61f-4d5512aaa253\",\"body\":{},\"query\":{}}","level":"\u001b[32m\u001b[32m\u001b[32minfo\u001b[32m\u001b[32m\u001b[39m"}
{"method":"DELETE","message":"    {\"originalUrl\":\"/boards/d8b5f46a-1a5e-415c-9c99-75647033882a\",\"body\":{},\"query\":{}}","level":"\u001b[32m\u001b[32m\u001b[32minfo\u001b[32m\u001b[32m\u001b[39m"}
{"method":"GET","message":"    {\"originalUrl\":\"/boards/d8b5f46a-1a5e-415c-9c99-75647033882a/tasks/014f3e1c-79b1-48fd-92fc-8a2509bcf12b\",\"body\":{},\"query\":{}}","level":"\u001b[32m\u001b[32m\u001b[32minfo\u001b[32m\u001b[32m\u001b[39m"}
{"method":"GET","message":"    {\"originalUrl\":\"/boards/d8b5f46a-1a5e-415c-9c99-75647033882a/tasks/93e72fe8-8dc7-453d-8324-aa58b1c2d64c\",\"body\":{},\"query\":{}}","level":"\u001b[32m\u001b[32m\u001b[32minfo\u001b[32m\u001b[32m\u001b[39m"}
{"method":"GET","message":"    {\"originalUrl\":\"/boards/d8b5f46a-1a5e-415c-9c99-75647033882a/tasks/279228e3-3f55-45f7-a71f-03e511f30b6c\",\"body\":{},\"query\":{}}","level":"\u001b[32m\u001b[32m\u001b[32minfo\u001b[32m\u001b[32m\u001b[39m"}
{"method":"GET","message":"    {\"originalUrl\":\"/boards/d8b5f46a-1a5e-415c-9c99-75647033882a/tasks/bcd3acdd-6760-435e-9eb7-77db9f0b8f7b\",\"body\":{},\"query\":{}}","level":"\u001b[32m\u001b[32m\u001b[32minfo\u001b[32m\u001b[32m\u001b[39m"}
{"method":"GET","message":"    {\"originalUrl\":\"/boards/d8b5f46a-1a5e-415c-9c99-75647033882a/tasks/4da7bdcb-fbf3-4513-a61f-4d5512aaa253\",\"body\":{},\"query\":{}}","level":"\u001b[32m\u001b[32m\u001b[32minfo\u001b[32m\u001b[32m\u001b[39m"}
{"status":"404","statusText":"Not Found","method":"GET","message":"   {\"originalUrl\":\"/boards/d8b5f46a-1a5e-415c-9c99-75647033882a/tasks/014f3e1c-79b1-48fd-92fc-8a2509bcf12b\",\"body\":{},\"query\":{}}","level":"\u001b[31m\u001b[31m\u001b[31merror\u001b[31m\u001b[31m\u001b[39m"}
{"status":"404","statusText":"Not Found","method":"GET","message":"   {\"originalUrl\":\"/boards/d8b5f46a-1a5e-415c-9c99-75647033882a/tasks/93e72fe8-8dc7-453d-8324-aa58b1c2d64c\",\"body\":{},\"query\":{}}","level":"\u001b[31m\u001b[31m\u001b[31merror\u001b[31m\u001b[31m\u001b[39m"}
{"status":"404","statusText":"Not Found","method":"GET","message":"   {\"originalUrl\":\"/boards/d8b5f46a-1a5e-415c-9c99-75647033882a/tasks/279228e3-3f55-45f7-a71f-03e511f30b6c\",\"body\":{},\"query\":{}}","level":"\u001b[31m\u001b[31m\u001b[31merror\u001b[31m\u001b[31m\u001b[39m"}
{"status":"404","statusText":"Not Found","method":"GET","message":"   {\"originalUrl\":\"/boards/d8b5f46a-1a5e-415c-9c99-75647033882a/tasks/4da7bdcb-fbf3-4513-a61f-4d5512aaa253\",\"body\":{},\"query\":{}}","level":"\u001b[31m\u001b[31m\u001b[31merror\u001b[31m\u001b[31m\u001b[39m"}
{"status":"404","statusText":"Not Found","method":"GET","message":"   {\"originalUrl\":\"/boards/d8b5f46a-1a5e-415c-9c99-75647033882a/tasks/bcd3acdd-6760-435e-9eb7-77db9f0b8f7b\",\"body\":{},\"query\":{}}","level":"\u001b[31m\u001b[31m\u001b[31merror\u001b[31m\u001b[31m\u001b[39m"}
{"method":"DELETE","message":"    {\"originalUrl\":\"/boards/6a6cfcfe-19e9-4faa-be2c-aa7c0957bb09\",\"body\":{},\"query\":{}}","level":"\u001b[32m\u001b[32m\u001b[32minfo\u001b[32m\u001b[32m\u001b[39m"}
{"method":"POST","message":"    {\"originalUrl\":\"/boards\",\"body\":{\"title\":\"Autotest board\",\"columns\":[{\"title\":\"Backlog\",\"order\":1},{\"title\":\"Sprint\",\"order\":2}]},\"query\":{}}","level":"\u001b[32m\u001b[32m\u001b[32minfo\u001b[32m\u001b[32m\u001b[39m"}
{"method":"POST","message":"    {\"originalUrl\":\"/boards/73497a71-d394-4c9c-9b33-53068f394a45/tasks\",\"body\":{\"title\":\"Autotest task\",\"order\":0,\"description\":\"Lorem ipsum\",\"userId\":null,\"boardId\":null,\"columnId\":null},\"query\":{}}","level":"\u001b[32m\u001b[32m\u001b[32minfo\u001b[32m\u001b[32m\u001b[39m"}
{"method":"GET","message":"    {\"originalUrl\":\"/boards/73497a71-d394-4c9c-9b33-53068f394a45/tasks\",\"body\":{},\"query\":{}}","level":"\u001b[32m\u001b[32m\u001b[32minfo\u001b[32m\u001b[32m\u001b[39m"}
{"method":"GET","message":"    {\"originalUrl\":\"/boards/73497a71-d394-4c9c-9b33-53068f394a45/tasks\",\"body\":{},\"query\":{}}","level":"\u001b[32m\u001b[32m\u001b[32minfo\u001b[32m\u001b[32m\u001b[39m"}
{"method":"GET","message":"    {\"originalUrl\":\"/boards/73497a71-d394-4c9c-9b33-53068f394a45/tasks/9b99fd8c-5557-4ae8-9f91-50954d9af2a4\",\"body\":{},\"query\":{}}","level":"\u001b[32m\u001b[32m\u001b[32minfo\u001b[32m\u001b[32m\u001b[39m"}
{"method":"POST","message":"    {\"originalUrl\":\"/boards/73497a71-d394-4c9c-9b33-53068f394a45/tasks\",\"body\":{\"title\":\"Autotest task\",\"order\":0,\"description\":\"Lorem ipsum\",\"userId\":null,\"boardId\":null,\"columnId\":null},\"query\":{}}","level":"\u001b[32m\u001b[32m\u001b[32minfo\u001b[32m\u001b[32m\u001b[39m"}
{"method":"DELETE","message":"    {\"originalUrl\":\"/boards/73497a71-d394-4c9c-9b33-53068f394a45/tasks/dd45aa6f-e17c-4707-908d-93092a7807b5\",\"body\":{},\"query\":{}}","level":"\u001b[32m\u001b[32m\u001b[32minfo\u001b[32m\u001b[32m\u001b[39m"}
{"method":"POST","message":"    {\"originalUrl\":\"/boards/73497a71-d394-4c9c-9b33-53068f394a45/tasks\",\"body\":{\"title\":\"Autotest task\",\"order\":0,\"description\":\"Lorem ipsum\",\"userId\":null,\"boardId\":null,\"columnId\":null},\"query\":{}}","level":"\u001b[32m\u001b[32m\u001b[32minfo\u001b[32m\u001b[32m\u001b[39m"}
{"method":"PUT","message":"    {\"originalUrl\":\"/boards/73497a71-d394-4c9c-9b33-53068f394a45/tasks/08720211-0e1f-4305-ba84-7835bd66a5d5\",\"body\":{\"id\":\"08720211-0e1f-4305-ba84-7835bd66a5d5\",\"title\":\"Autotest updated task\",\"order\":0,\"description\":\"Lorem ipsum\",\"userId\":null,\"boardId\":\"73497a71-d394-4c9c-9b33-53068f394a45\",\"columnId\":null},\"query\":{}}","level":"\u001b[32m\u001b[32m\u001b[32minfo\u001b[32m\u001b[32m\u001b[39m"}
{"method":"GET","message":"    {\"originalUrl\":\"/boards/73497a71-d394-4c9c-9b33-53068f394a45/tasks/08720211-0e1f-4305-ba84-7835bd66a5d5\",\"body\":{},\"query\":{}}","level":"\u001b[32m\u001b[32m\u001b[32minfo\u001b[32m\u001b[32m\u001b[39m"}
{"method":"GET","message":"    {\"originalUrl\":\"/boards/73497a71-d394-4c9c-9b33-53068f394a45/tasks/9b99fd8c-5557-4ae8-9f91-50954d9af2a4\",\"body\":{},\"query\":{}}","level":"\u001b[32m\u001b[32m\u001b[32minfo\u001b[32m\u001b[32m\u001b[39m"}
{"method":"DELETE","message":"    {\"originalUrl\":\"/boards/73497a71-d394-4c9c-9b33-53068f394a45/tasks/9b99fd8c-5557-4ae8-9f91-50954d9af2a4\",\"body\":{},\"query\":{}}","level":"\u001b[32m\u001b[32m\u001b[32minfo\u001b[32m\u001b[32m\u001b[39m"}
{"method":"GET","message":"    {\"originalUrl\":\"/boards/73497a71-d394-4c9c-9b33-53068f394a45/tasks/9b99fd8c-5557-4ae8-9f91-50954d9af2a4\",\"body\":{},\"query\":{}}","level":"\u001b[32m\u001b[32m\u001b[32minfo\u001b[32m\u001b[32m\u001b[39m"}
{"status":"404","statusText":"Not Found","method":"GET","message":"   {\"originalUrl\":\"/boards/73497a71-d394-4c9c-9b33-53068f394a45/tasks/9b99fd8c-5557-4ae8-9f91-50954d9af2a4\",\"body\":{},\"query\":{}}","level":"\u001b[31m\u001b[31m\u001b[31merror\u001b[31m\u001b[31m\u001b[39m"}
{"method":"DELETE","message":"    {\"originalUrl\":\"/boards/73497a71-d394-4c9c-9b33-53068f394a45\",\"body\":{},\"query\":{}}","level":"\u001b[32m\u001b[32m\u001b[32minfo\u001b[32m\u001b[32m\u001b[39m"}
